#
# There is insufficient memory for the Java Runtime Environment to continue.
# Native memory allocation (malloc) failed to allocate 757296 bytes for Chunk::new
# Possible reasons:
#   The system is out of physical RAM or swap space
#   The process is running with CompressedOops enabled, and the Java Heap may be blocking the growth of the native heap
# Possible solutions:
#   Reduce memory load on the system
#   Increase physical memory or swap space
#   Check if swap backing store is full
#   Decrease Java heap size (-Xmx/-Xms)
#   Decrease number of Java threads
#   Decrease Java thread stack sizes (-Xss)
#   Set larger code cache with -XX:ReservedCodeCacheSize=
#   JVM is running with Unscaled Compressed Oops mode in which the Java heap is
#     placed in the first 4GB address space. The Java Heap base address is the
#     maximum limit for the native heap growth. Please use -XX:HeapBaseMinAddress
#     to set the Java Heap base and to place the Java Heap above 4GB virtual address.
# This output file may be truncated or incomplete.
#
#  Out of Memory Error (allocation.cpp:389), pid=3400, tid=0x00000000000017c4
#
# JRE version: OpenJDK Runtime Environment (8.0_242-b01) (build 1.8.0_242-release-1644-b01)
# Java VM: OpenJDK 64-Bit Server VM (25.242-b01 mixed mode windows-amd64 compressed oops)
# Failed to write core dump. Minidumps are not enabled by default on client versions of Windows
#

---------------  T H R E A D  ---------------

Current thread (0x00000000178d1800):  JavaThread "C2 CompilerThread0" daemon [_thread_in_native, id=6084, stack(0x0000000018920000,0x0000000018a20000)]

Stack: [0x0000000018920000,0x0000000018a20000]
[error occurred during error reporting (printing stack bounds), id 0xc0000005]

Native frames: (J=compiled Java code, j=interpreted, Vv=VM code, C=native code)


Current CompileTask:
C2:  23756 2710       4       org.codehaus.groovy.runtime.metaclass.MetaMethodIndex::addMethodToList (298 bytes)


---------------  P R O C E S S  ---------------

Java Threads: ( => current thread )
  0x000000001917e000 JavaThread "Cache worker for file content cache (C:\Users\Wilmer\.gradle\caches\6.5\fileContent)" [_thread_blocked, id=1028, stack(0x0000000020ad0000,0x0000000020bd0000)]
  0x000000001917a800 JavaThread "Cache worker for execution history cache (C:\Users\Wilmer\.gradle\caches\6.5\executionHistory)" [_thread_blocked, id=204, stack(0x00000000205d0000,0x00000000206d0000)]
  0x000000001917b000 JavaThread "Cache worker for cache directory md-rule (C:\Users\Wilmer\.gradle\caches\6.5\md-rule)" [_thread_blocked, id=5528, stack(0x00000000202d0000,0x00000000203d0000)]
  0x0000000019173000 JavaThread "Cache worker for cache directory md-supplier (C:\Users\Wilmer\.gradle\caches\6.5\md-supplier)" [_thread_blocked, id=4232, stack(0x00000000201d0000,0x00000000202d0000)]
  0x0000000019178000 JavaThread "Cache worker for checksums cache (C:\Users\Wilmer\AndroidStudioProjects\CocktailApp\.gradle\checksums)" [_thread_blocked, id=2980, stack(0x00000000200d0000,0x00000000201d0000)]
  0x0000000019176800 JavaThread "jar transforms Thread 20" [_thread_blocked, id=5204, stack(0x000000001fdd0000,0x000000001fed0000)]
  0x0000000019179800 JavaThread "jar transforms Thread 19" [_thread_blocked, id=4616, stack(0x000000001fcd0000,0x000000001fdd0000)]
  0x0000000019176000 JavaThread "jar transforms Thread 18" [_thread_blocked, id=4036, stack(0x000000001fbd0000,0x000000001fcd0000)]
  0x0000000019172000 JavaThread "jar transforms Thread 17" [_thread_blocked, id=5532, stack(0x000000001fad0000,0x000000001fbd0000)]
  0x0000000019177800 JavaThread "jar transforms Thread 16" [_thread_blocked, id=4292, stack(0x000000001f9d0000,0x000000001fad0000)]
  0x0000000019179000 JavaThread "jar transforms Thread 15" [_thread_blocked, id=3840, stack(0x000000001f8d0000,0x000000001f9d0000)]
  0x0000000019170000 JavaThread "jar transforms Thread 14" [_thread_blocked, id=2836, stack(0x000000001f7d0000,0x000000001f8d0000)]
  0x0000000019175000 JavaThread "jar transforms Thread 13" [_thread_blocked, id=4740, stack(0x000000001f6d0000,0x000000001f7d0000)]
  0x0000000019171800 JavaThread "jar transforms Thread 12" [_thread_blocked, id=2100, stack(0x000000001f5d0000,0x000000001f6d0000)]
  0x0000000019173800 JavaThread "jar transforms Thread 11" [_thread_blocked, id=6052, stack(0x000000001f4d0000,0x000000001f5d0000)]
  0x0000000019174800 JavaThread "jar transforms Thread 10" [_thread_blocked, id=5604, stack(0x000000001f3d0000,0x000000001f4d0000)]
  0x000000001916f000 JavaThread "jar transforms Thread 9" [_thread_blocked, id=4244, stack(0x000000001f2d0000,0x000000001f3d0000)]
  0x0000000019170800 JavaThread "jar transforms Thread 8" [_thread_blocked, id=5180, stack(0x000000001f1d0000,0x000000001f2d0000)]
  0x0000000019f1b800 JavaThread "jar transforms Thread 7" [_thread_blocked, id=2208, stack(0x000000001f0d0000,0x000000001f1d0000)]
  0x0000000019f1b000 JavaThread "jar transforms Thread 6" [_thread_blocked, id=3612, stack(0x000000001efd0000,0x000000001f0d0000)]
  0x0000000019f1a000 JavaThread "jar transforms Thread 5" [_thread_blocked, id=2248, stack(0x000000001eed0000,0x000000001efd0000)]
  0x0000000019f19800 JavaThread "jar transforms Thread 4" [_thread_blocked, id=5560, stack(0x000000001edd0000,0x000000001eed0000)]
  0x0000000019f1e000 JavaThread "jar transforms Thread 3" [_thread_blocked, id=5272, stack(0x000000001ecd0000,0x000000001edd0000)]
  0x0000000019f18800 JavaThread "jar transforms Thread 2" [_thread_blocked, id=5808, stack(0x000000001ebd0000,0x000000001ecd0000)]
  0x0000000019f18000 JavaThread "jar transforms" [_thread_blocked, id=3876, stack(0x000000001ead0000,0x000000001ebd0000)]
  0x0000000019f17000 JavaThread "Cache worker for file hash cache (C:\Users\Wilmer\AndroidStudioProjects\CocktailApp\.gradle\6.5\fileHashes)" [_thread_blocked, id=4120, stack(0x000000001e460000,0x000000001e560000)]
  0x0000000019f1d000 JavaThread "Cache worker for file hash cache (C:\Users\Wilmer\.gradle\caches\6.5\fileHashes)" [_thread_blocked, id=4456, stack(0x000000001d390000,0x000000001d490000)]
  0x0000000019f1c800 JavaThread "File lock request listener" [_thread_in_native, id=5472, stack(0x000000001d290000,0x000000001d390000)]
  0x000000001997f000 JavaThread "Cache worker for journal cache (C:\Users\Wilmer\.gradle\caches\journal-1)" [_thread_blocked, id=4104, stack(0x000000001d190000,0x000000001d290000)]
  0x000000001af5a000 JavaThread "Thread-9" [_thread_blocked, id=1764, stack(0x000000001ce90000,0x000000001cf90000)]
  0x000000001a8ed800 JavaThread "Stdin handler" [_thread_blocked, id=6008, stack(0x000000001cd90000,0x000000001ce90000)]
  0x000000001a8ed000 JavaThread "Asynchronous log dispatcher for DefaultDaemonConnection: socket connection from /127.0.0.1:53589 to /127.0.0.1:53590" [_thread_blocked, id=4840, stack(0x000000001cc90000,0x000000001cd90000)]
  0x000000001a8ea000 JavaThread "Daemon worker" [_thread_in_native, id=3596, stack(0x000000001cb90000,0x000000001cc90000)]
  0x000000001a8e4800 JavaThread "Cancel handler" [_thread_blocked, id=1336, stack(0x000000001ca90000,0x000000001cb90000)]
  0x000000001a8b1000 JavaThread "Handler for socket connection from /127.0.0.1:53589 to /127.0.0.1:53590" [_thread_in_native, id=2280, stack(0x000000001c990000,0x000000001ca90000)]
  0x000000001af49000 JavaThread "Daemon" [_thread_blocked, id=1436, stack(0x000000001c890000,0x000000001c990000)]
  0x000000001af3e000 JavaThread "Daemon periodic checks" [_thread_blocked, id=2304, stack(0x000000001c590000,0x000000001c690000)]
  0x000000001af3d800 JavaThread "Incoming local TCP Connector on port 53589" [_thread_in_native, id=6080, stack(0x000000001c100000,0x000000001c200000)]
  0x000000001a786800 JavaThread "Daemon health stats" [_thread_blocked, id=2732, stack(0x000000001aaf0000,0x000000001abf0000)]
  0x0000000017945000 JavaThread "Service Thread" daemon [_thread_blocked, id=4792, stack(0x0000000018b20000,0x0000000018c20000)]
  0x00000000178d6800 JavaThread "C1 CompilerThread1" daemon [_thread_blocked, id=5632, stack(0x0000000018a20000,0x0000000018b20000)]
=>0x00000000178d1800 JavaThread "C2 CompilerThread0" daemon [_thread_in_native, id=6084, stack(0x0000000018920000,0x0000000018a20000)]
  0x00000000178cf800 JavaThread "Attach Listener" daemon [_thread_blocked, id=4372, stack(0x0000000018820000,0x0000000018920000)]
  0x00000000178cc000 JavaThread "Signal Dispatcher" daemon [_thread_blocked, id=5896, stack(0x0000000018720000,0x0000000018820000)]
  0x0000000002ee7800 JavaThread "Finalizer" daemon [_thread_blocked, id=3700, stack(0x0000000018510000,0x0000000018610000)]
  0x0000000002ede000 JavaThread "Reference Handler" daemon [_thread_blocked, id=4312, stack(0x0000000018410000,0x0000000018510000)]
  0x0000000002dee800 JavaThread "main" [_thread_blocked, id=4608, stack(0x0000000002c60000,0x0000000002d60000)]

Other Threads:
  0x0000000017894800 VMThread [stack: 0x0000000018310000,0x0000000018410000] [id=448]
  0x000000001794a000 WatcherThread [stack: 0x0000000018c20000,0x0000000018d20000] [id=4472]

VM state:not at safepoint (normal execution)

VM Mutex/Monitor currently owned by a thread: None

heap address: 0x0000000080000000, size: 2048 MB, Compressed Oops mode: 32-bit
Narrow klass base: 0x0000000000000000, Narrow klass shift: 3
Compressed class space size: 1073741824 Address: 0x0000000100000000

Heap:
 PSYoungGen      total 98304K, used 61152K [0x00000000d5580000, 0x00000000dc080000, 0x0000000100000000)
  eden space 91648K, 59% used [0x00000000d5580000,0x00000000d8abc540,0x00000000daf00000)
  from space 6656K, 99% used [0x00000000db700000,0x00000000dbd7beb8,0x00000000dbd80000)
  to   space 8192K, 0% used [0x00000000daf00000,0x00000000daf00000,0x00000000db700000)
 ParOldGen       total 28160K, used 11325K [0x0000000080000000, 0x0000000081b80000, 0x00000000d5580000)
  object space 28160K, 40% used [0x0000000080000000,0x0000000080b0f5c0,0x0000000081b80000)
 Metaspace       used 33021K, capacity 34224K, committed 34560K, reserved 1079296K
  class space    used 4475K, capacity 4759K, committed 4864K, reserved 1048576K

Card table byte_map: [0x00000000122b0000,0x00000000126c0000] byte_map_base: 0x0000000011eb0000

Marking Bits: (ParMarkBitMap*) 0x000000005855f030
 Begin Bits: [0x0000000012b70000, 0x0000000014b70000)
 End Bits:   [0x0000000014b70000, 0x0000000016b70000)

Polling page: 0x0000000001460000

CodeCache: size=245760Kb used=9463Kb max_used=9463Kb free=236296Kb
 bounds [0x0000000002ef0000, 0x0000000003840000, 0x0000000011ef0000]
 total_blobs=3215 nmethods=2526 adapters=603
 compilation: enabled

Compilation events (10 events):
Event: 23.661 Thread 0x00000000178d6800 2731       3       java.beans.Introspector::addPropertyDescriptor (265 bytes)
Event: 23.667 Thread 0x00000000178d6800 nmethod 2731 0x0000000003822d90 code [0x0000000003823280, 0x0000000003826c58]
Event: 23.667 Thread 0x00000000178d6800 2732   !   3       java.beans.PropertyDescriptor::findPropertyType (188 bytes)
Event: 23.675 Thread 0x00000000178d6800 nmethod 2732 0x0000000003828dd0 code [0x0000000003829520, 0x000000000382e4e8]
Event: 23.675 Thread 0x00000000178d6800 2733       3       java.beans.PropertyDescriptor::setPropertyType (9 bytes)
Event: 23.676 Thread 0x00000000178d6800 nmethod 2733 0x0000000003831e90 code [0x0000000003832020, 0x00000000038323a8]
Event: 23.698 Thread 0x00000000178d6800 2734       1       org.gradle.internal.operations.BuildOperationDescriptor::getId (5 bytes)
Event: 23.698 Thread 0x00000000178d6800 nmethod 2734 0x0000000003832550 code [0x00000000038326a0, 0x00000000038327b0]
Event: 23.701 Thread 0x00000000178d6800 2735       3       java.util.AbstractCollection::toArray (70 bytes)
Event: 23.702 Thread 0x00000000178d6800 nmethod 2735 0x0000000003832810 code [0x0000000003832a00, 0x0000000003833388]

GC Heap History (10 events):
Event: 7.713 GC heap before
{Heap before GC invocations=7 (full 0):
 PSYoungGen      total 50688K, used 50608K [0x00000000d5580000, 0x00000000d8c80000, 0x0000000100000000)
  eden space 46592K, 100% used [0x00000000d5580000,0x00000000d8300000,0x00000000d8300000)
  from space 4096K, 98% used [0x00000000d8780000,0x00000000d8b6c010,0x00000000d8b80000)
  to   space 4608K, 0% used [0x00000000d8300000,0x00000000d8300000,0x00000000d8780000)
 ParOldGen       total 30208K, used 4244K [0x0000000080000000, 0x0000000081d80000, 0x00000000d5580000)
  object space 30208K, 14% used [0x0000000080000000,0x0000000080425320,0x0000000081d80000)
 Metaspace       used 16496K, capacity 17224K, committed 17536K, reserved 1064960K
  class space    used 2181K, capacity 2382K, committed 2432K, reserved 1048576K
Event: 7.747 GC heap after
Heap after GC invocations=7 (full 0):
 PSYoungGen      total 51200K, used 4603K [0x00000000d5580000, 0x00000000dbd80000, 0x0000000100000000)
  eden space 46592K, 0% used [0x00000000d5580000,0x00000000d5580000,0x00000000d8300000)
  from space 4608K, 99% used [0x00000000d8300000,0x00000000d877eea8,0x00000000d8780000)
  to   space 6656K, 0% used [0x00000000db700000,0x00000000db700000,0x00000000dbd80000)
 ParOldGen       total 30208K, used 7172K [0x0000000080000000, 0x0000000081d80000, 0x00000000d5580000)
  object space 30208K, 23% used [0x0000000080000000,0x0000000080701190,0x0000000081d80000)
 Metaspace       used 16496K, capacity 17224K, committed 17536K, reserved 1064960K
  class space    used 2181K, capacity 2382K, committed 2432K, reserved 1048576K
}
Event: 12.277 GC heap before
{Heap before GC invocations=8 (full 0):
 PSYoungGen      total 51200K, used 51195K [0x00000000d5580000, 0x00000000dbd80000, 0x0000000100000000)
  eden space 46592K, 100% used [0x00000000d5580000,0x00000000d8300000,0x00000000d8300000)
  from space 4608K, 99% used [0x00000000d8300000,0x00000000d877eea8,0x00000000d8780000)
  to   space 6656K, 0% used [0x00000000db700000,0x00000000db700000,0x00000000dbd80000)
 ParOldGen       total 30208K, used 7172K [0x0000000080000000, 0x0000000081d80000, 0x00000000d5580000)
  object space 30208K, 23% used [0x0000000080000000,0x0000000080701190,0x0000000081d80000)
 Metaspace       used 19693K, capacity 20444K, committed 20608K, reserved 1067008K
  class space    used 2720K, capacity 2892K, committed 2944K, reserved 1048576K
Event: 12.296 GC heap after
Heap after GC invocations=8 (full 0):
 PSYoungGen      total 98304K, used 6632K [0x00000000d5580000, 0x00000000dc080000, 0x0000000100000000)
  eden space 91648K, 0% used [0x00000000d5580000,0x00000000d5580000,0x00000000daf00000)
  from space 6656K, 99% used [0x00000000db700000,0x00000000dbd7a310,0x00000000dbd80000)
  to   space 8192K, 0% used [0x00000000daf00000,0x00000000daf00000,0x00000000db700000)
 ParOldGen       total 30208K, used 8024K [0x0000000080000000, 0x0000000081d80000, 0x00000000d5580000)
  object space 30208K, 26% used [0x0000000080000000,0x00000000807d6070,0x0000000081d80000)
 Metaspace       used 19693K, capacity 20444K, committed 20608K, reserved 1067008K
  class space    used 2720K, capacity 2892K, committed 2944K, reserved 1048576K
}
Event: 12.890 GC heap before
{Heap before GC invocations=9 (full 0):
 PSYoungGen      total 98304K, used 15716K [0x00000000d5580000, 0x00000000dc080000, 0x0000000100000000)
  eden space 91648K, 9% used [0x00000000d5580000,0x00000000d5e5ed20,0x00000000daf00000)
  from space 6656K, 99% used [0x00000000db700000,0x00000000dbd7a310,0x00000000dbd80000)
  to   space 8192K, 0% used [0x00000000daf00000,0x00000000daf00000,0x00000000db700000)
 ParOldGen       total 30208K, used 8024K [0x0000000080000000, 0x0000000081d80000, 0x00000000d5580000)
  object space 30208K, 26% used [0x0000000080000000,0x00000000807d6070,0x0000000081d80000)
 Metaspace       used 20439K, capacity 21204K, committed 21248K, reserved 1067008K
  class space    used 2842K, capacity 3032K, committed 3072K, reserved 1048576K
Event: 12.904 GC heap after
Heap after GC invocations=9 (full 0):
 PSYoungGen      total 99840K, used 3778K [0x00000000d5580000, 0x00000000dc080000, 0x0000000100000000)
  eden space 91648K, 0% used [0x00000000d5580000,0x00000000d5580000,0x00000000daf00000)
  from space 8192K, 46% used [0x00000000daf00000,0x00000000db2b0af0,0x00000000db700000)
  to   space 6656K, 0% used [0x00000000db700000,0x00000000db700000,0x00000000dbd80000)
 ParOldGen       total 30208K, used 9188K [0x0000000080000000, 0x0000000081d80000, 0x00000000d5580000)
  object space 30208K, 30% used [0x0000000080000000,0x00000000808f90a0,0x0000000081d80000)
 Metaspace       used 20439K, capacity 21204K, committed 21248K, reserved 1067008K
  class space    used 2842K, capacity 3032K, committed 3072K, reserved 1048576K
}
Event: 12.904 GC heap before
{Heap before GC invocations=10 (full 1):
 PSYoungGen      total 99840K, used 3778K [0x00000000d5580000, 0x00000000dc080000, 0x0000000100000000)
  eden space 91648K, 0% used [0x00000000d5580000,0x00000000d5580000,0x00000000daf00000)
  from space 8192K, 46% used [0x00000000daf00000,0x00000000db2b0af0,0x00000000db700000)
  to   space 6656K, 0% used [0x00000000db700000,0x00000000db700000,0x00000000dbd80000)
 ParOldGen       total 30208K, used 9188K [0x0000000080000000, 0x0000000081d80000, 0x00000000d5580000)
  object space 30208K, 30% used [0x0000000080000000,0x00000000808f90a0,0x0000000081d80000)
 Metaspace       used 20439K, capacity 21204K, committed 21248K, reserved 1067008K
  class space    used 2842K, capacity 3032K, committed 3072K, reserved 1048576K
Event: 13.059 GC heap after
Heap after GC invocations=10 (full 1):
 PSYoungGen      total 99840K, used 0K [0x00000000d5580000, 0x00000000dc080000, 0x0000000100000000)
  eden space 91648K, 0% used [0x00000000d5580000,0x00000000d5580000,0x00000000daf00000)
  from space 8192K, 0% used [0x00000000daf00000,0x00000000daf00000,0x00000000db700000)
  to   space 6656K, 0% used [0x00000000db700000,0x00000000db700000,0x00000000dbd80000)
 ParOldGen       total 28160K, used 7815K [0x0000000080000000, 0x0000000081b80000, 0x00000000d5580000)
  object space 28160K, 27% used [0x0000000080000000,0x00000000807a1cb0,0x0000000081b80000)
 Metaspace       used 20439K, capacity 21204K, committed 21248K, reserved 1067008K
  class space    used 2842K, capacity 3032K, committed 3072K, reserved 1048576K
}
Event: 21.655 GC heap before
{Heap before GC invocations=11 (full 1):
 PSYoungGen      total 99840K, used 91648K [0x00000000d5580000, 0x00000000dc080000, 0x0000000100000000)
  eden space 91648K, 100% used [0x00000000d5580000,0x00000000daf00000,0x00000000daf00000)
  from space 8192K, 0% used [0x00000000daf00000,0x00000000daf00000,0x00000000db700000)
  to   space 6656K, 0% used [0x00000000db700000,0x00000000db700000,0x00000000dbd80000)
 ParOldGen       total 28160K, used 7815K [0x0000000080000000, 0x0000000081b80000, 0x00000000d5580000)
  object space 28160K, 27% used [0x0000000080000000,0x00000000807a1cb0,0x0000000081b80000)
 Metaspace       used 29417K, capacity 30542K, committed 30720K, reserved 1075200K
  class space    used 4063K, capacity 4342K, committed 4352K, reserved 1048576K
Event: 21.676 GC heap after
Heap after GC invocations=11 (full 1):
 PSYoungGen      total 98304K, used 6639K [0x00000000d5580000, 0x00000000dc080000, 0x0000000100000000)
  eden space 91648K, 0% used [0x00000000d5580000,0x00000000d5580000,0x00000000daf00000)
  from space 6656K, 99% used [0x00000000db700000,0x00000000dbd7beb8,0x00000000dbd80000)
  to   space 8192K, 0% used [0x00000000daf00000,0x00000000daf00000,0x00000000db700000)
 ParOldGen       total 28160K, used 11325K [0x0000000080000000, 0x0000000081b80000, 0x00000000d5580000)
  object space 28160K, 40% used [0x0000000080000000,0x0000000080b0f5c0,0x0000000081b80000)
 Metaspace       used 29417K, capacity 30542K, committed 30720K, reserved 1075200K
  class space    used 4063K, capacity 4342K, committed 4352K, reserved 1048576K
}

Deoptimization events (10 events):
Event: 15.298 Thread 0x000000001a8ea000 Uncommon trap: reason=unstable_if action=reinterpret pc=0x0000000003537240 method=java.util.HashMap.hash(Ljava/lang/Object;)I @ 1
Event: 15.420 Thread 0x000000001a8ea000 Uncommon trap: reason=unstable_if action=reinterpret pc=0x00000000034f120c method=jdk.internal.org.objectweb.asm.Type.getArgumentsAndReturnSizes(Ljava/lang/String;)I @ 88
Event: 15.719 Thread 0x000000001a8ea000 Uncommon trap: reason=unstable_if action=reinterpret pc=0x000000000322c15c method=java.io.WinNTFileSystem.resolve(Ljava/lang/String;Ljava/lang/String;)Ljava/lang/String; @ 49
Event: 19.774 Thread 0x000000001a8ea000 Uncommon trap: reason=unstable_if action=reinterpret pc=0x0000000003590e00 method=java.lang.ClassLoader.getClassLoadingLock(Ljava/lang/String;)Ljava/lang/Object; @ 6
Event: 19.994 Thread 0x000000001a8ea000 Uncommon trap: reason=bimorphic action=maybe_recompile pc=0x00000000035719bc method=java.io.BufferedInputStream.read([BII)I @ 101
Event: 19.995 Thread 0x000000001a8ea000 Uncommon trap: reason=bimorphic action=maybe_recompile pc=0x00000000035719bc method=java.io.BufferedInputStream.read([BII)I @ 101
Event: 19.997 Thread 0x000000001a8ea000 Uncommon trap: reason=bimorphic action=maybe_recompile pc=0x00000000035719bc method=java.io.BufferedInputStream.read([BII)I @ 101
Event: 19.998 Thread 0x000000001a8ea000 Uncommon trap: reason=bimorphic action=maybe_recompile pc=0x00000000035719bc method=java.io.BufferedInputStream.read([BII)I @ 101
Event: 21.677 Thread 0x0000000002ede000 Uncommon trap: reason=unstable_if action=reinterpret pc=0x0000000003541c4c method=java.lang.ref.Reference.tryHandlePending(Z)Z @ 104
Event: 22.768 Thread 0x000000001a8ea000 Uncommon trap: reason=range_check action=make_not_entrant pc=0x00000000037df2c8 method=java.lang.String.charAt(I)C @ 27

Classes redefined (0 events):
No events

Internal exceptions (10 events):
Event: 23.151 Thread 0x000000001a8ea000 Exception <a 'java/lang/NoSuchMethodError': java.lang.Object.lambda$static$0(Lorg/gradle/api/internal/artifacts/ivyservice/resolveengine/artifact/ArtifactVisitor;)V> (0x00000000d8135920) thrown at [C:\src\AOSP-openjdk-git\hotspot\src\share\vm\interpreter\
Event: 23.192 Thread 0x000000001a8ea000 Exception <a 'java/lang/NoSuchMethodError': java.lang.Object.lambda$static$0()Z> (0x00000000d8394b28) thrown at [C:\src\AOSP-openjdk-git\hotspot\src\share\vm\interpreter\linkResolver.cpp, line 620]
Event: 23.419 Thread 0x000000001a8ea000 Exception <a 'java/lang/ClassNotFoundException': sync_studio_tooling6_44wdagozf3svymaea789us28eBeanInfo> (0x00000000d86a4438) thrown at [C:\src\AOSP-openjdk-git\hotspot\src\share\vm\classfile\systemDictionary.cpp, line 210]
Event: 23.419 Thread 0x000000001a8ea000 Exception <a 'java/lang/ClassNotFoundException': sync_studio_tooling6_44wdagozf3svymaea789us28eCustomizer> (0x00000000d86b1a90) thrown at [C:\src\AOSP-openjdk-git\hotspot\src\share\vm\classfile\systemDictionary.cpp, line 210]
Event: 23.636 Thread 0x000000001a8ea000 Exception <a 'java/lang/ClassNotFoundException': org/gradle/invocation/DefaultGradle_DecoratedBeanInfo> (0x00000000d87fcac8) thrown at [C:\src\AOSP-openjdk-git\hotspot\src\share\vm\classfile\systemDictionary.cpp, line 210]
Event: 23.638 Thread 0x000000001a8ea000 Exception <a 'java/lang/ClassNotFoundException': org/gradle/invocation/DefaultGradleBeanInfo> (0x00000000d8824dc8) thrown at [C:\src\AOSP-openjdk-git\hotspot\src\share\vm\classfile\systemDictionary.cpp, line 210]
Event: 23.639 Thread 0x000000001a8ea000 Exception <a 'java/lang/ClassNotFoundException': org/gradle/api/internal/project/AbstractPluginAwareBeanInfo> (0x00000000d8855d48) thrown at [C:\src\AOSP-openjdk-git\hotspot\src\share\vm\classfile\systemDictionary.cpp, line 210]
Event: 23.641 Thread 0x000000001a8ea000 Exception <a 'java/lang/ClassNotFoundException': org/gradle/api/internal/project/AbstractPluginAwareCustomizer> (0x00000000d8887660) thrown at [C:\src\AOSP-openjdk-git\hotspot\src\share\vm\classfile\systemDictionary.cpp, line 210]
Event: 23.643 Thread 0x000000001a8ea000 Exception <a 'java/lang/ClassNotFoundException': org/gradle/invocation/DefaultGradleCustomizer> (0x00000000d88ba640) thrown at [C:\src\AOSP-openjdk-git\hotspot\src\share\vm\classfile\systemDictionary.cpp, line 210]
Event: 23.658 Thread 0x000000001a8ea000 Exception <a 'java/lang/ClassNotFoundException': org/gradle/invocation/DefaultGradle_DecoratedCustomizer> (0x00000000d89306e8) thrown at [C:\src\AOSP-openjdk-git\hotspot\src\share\vm\classfile\systemDictionary.cpp, line 210]

Events (10 events):
Event: 23.657 loading class org/gradle/invocation/DefaultGradle_DecoratedCustomizer
Event: 23.657 loading class org/gradle/invocation/DefaultGradle_DecoratedCustomizer done
Event: 23.657 loading class org/gradle/invocation/DefaultGradle_DecoratedCustomizer
Event: 23.657 loading class org/gradle/invocation/DefaultGradle_DecoratedCustomizer done
Event: 23.658 loading class org/gradle/invocation/DefaultGradle_DecoratedCustomizer
Event: 23.658 loading class org/gradle/invocation/DefaultGradle_DecoratedCustomizer done
Event: 23.666 loading class org/gradle/invocation/DefaultGradle$2
Event: 23.666 loading class org/gradle/invocation/DefaultGradle$2 done
Event: 23.667 loading class org/gradle/configuration/internal/DefaultListenerBuildOperationDecorator$BuildOperationEmittingAction
Event: 23.667 loading class org/gradle/configuration/internal/DefaultListenerBuildOperationDecorator$BuildOperationEmittingAction done


Dynamic libraries:
0x00007ff6eb4c0000 - 0x00007ff6eb4f1000 	C:\Program Files\Android\Android Studio\jre\bin\java.exe
0x00007ffc00960000 - 0x00007ffc00b31000 	C:\Windows\SYSTEM32\ntdll.dll
0x00007ffc00640000 - 0x00007ffc006eb000 	C:\Windows\System32\KERNEL32.DLL
0x00007ffbfda70000 - 0x00007ffbfdc8d000 	C:\Windows\System32\KERNELBASE.dll
0x00007ffbfe660000 - 0x00007ffbfe702000 	C:\Windows\System32\ADVAPI32.dll
0x00007ffc006f0000 - 0x00007ffc0078e000 	C:\Windows\System32\msvcrt.dll
0x00007ffbfed50000 - 0x00007ffbfeda9000 	C:\Windows\System32\sechost.dll
0x00007ffc00830000 - 0x00007ffc00951000 	C:\Windows\System32\RPCRT4.dll
0x00007ffbfe9e0000 - 0x00007ffbfeb45000 	C:\Windows\System32\USER32.dll
0x00007ffbfd080000 - 0x00007ffbfd09e000 	C:\Windows\System32\win32u.dll
0x00007ffbfed10000 - 0x00007ffbfed44000 	C:\Windows\System32\GDI32.dll
0x00007ffbfcef0000 - 0x00007ffbfd072000 	C:\Windows\System32\gdi32full.dll
0x00007ffbf0ad0000 - 0x00007ffbf0d49000 	C:\Windows\WinSxS\amd64_microsoft.windows.common-controls_6595b64144ccf1df_6.0.14393.0_none_2d0f50fcbdb171b8\COMCTL32.dll
0x00007ffbfe320000 - 0x00007ffbfe5e7000 	C:\Windows\System32\combase.dll
0x00007ffbfdc90000 - 0x00007ffbfdd85000 	C:\Windows\System32\ucrtbase.dll
0x00007ffbfd780000 - 0x00007ffbfd7ea000 	C:\Windows\System32\bcryptPrimitives.dll
0x00007ffc003d0000 - 0x00007ffc003fe000 	C:\Windows\System32\IMM32.DLL
0x0000000058c80000 - 0x0000000058d52000 	C:\Program Files\Android\Android Studio\jre\jre\bin\msvcr100.dll
0x0000000057d90000 - 0x00000000585db000 	C:\Program Files\Android\Android Studio\jre\jre\bin\server\jvm.dll
0x00007ffc00350000 - 0x00007ffc00358000 	C:\Windows\System32\PSAPI.DLL
0x00007ffbfb2f0000 - 0x00007ffbfb313000 	C:\Windows\SYSTEM32\WINMM.dll
0x00007ffbf9db0000 - 0x00007ffbf9db9000 	C:\Windows\SYSTEM32\WSOCK32.dll
0x00007ffbfe7d0000 - 0x00007ffbfe83a000 	C:\Windows\System32\WS2_32.dll
0x00007ffbf9100000 - 0x00007ffbf910a000 	C:\Windows\SYSTEM32\VERSION.dll
0x00007ffbfb2c0000 - 0x00007ffbfb2eb000 	C:\Windows\SYSTEM32\WINMMBASE.dll
0x00007ffbfdea0000 - 0x00007ffbfdee2000 	C:\Windows\System32\cfgmgr32.dll
0x00007ffbf6a90000 - 0x00007ffbf6a9f000 	C:\Program Files\Android\Android Studio\jre\jre\bin\verify.dll
0x00007ffbf45b0000 - 0x00007ffbf45d9000 	C:\Program Files\Android\Android Studio\jre\jre\bin\java.dll
0x00007ffbf3340000 - 0x00007ffbf3356000 	C:\Program Files\Android\Android Studio\jre\jre\bin\zip.dll
0x00007ffbfede0000 - 0x00007ffc002e8000 	C:\Windows\System32\SHELL32.dll
0x00007ffbfd0a0000 - 0x00007ffbfd77a000 	C:\Windows\System32\windows.storage.dll
0x00007ffbfce70000 - 0x00007ffbfcebc000 	C:\Windows\System32\powrprof.dll
0x00007ffbfecb0000 - 0x00007ffbfed02000 	C:\Windows\System32\shlwapi.dll
0x00007ffbfce60000 - 0x00007ffbfce6f000 	C:\Windows\System32\kernel.appcore.dll
0x00007ffbfdd90000 - 0x00007ffbfde39000 	C:\Windows\System32\shcore.dll
0x00007ffbfcec0000 - 0x00007ffbfced4000 	C:\Windows\System32\profapi.dll
0x00007ffbf1080000 - 0x00007ffbf109a000 	C:\Program Files\Android\Android Studio\jre\jre\bin\net.dll
0x00007ffbfc790000 - 0x00007ffbfc7ec000 	C:\Windows\system32\mswsock.dll
0x00007ffbf1060000 - 0x00007ffbf1073000 	C:\Program Files\Android\Android Studio\jre\jre\bin\nio.dll
0x00007ffbeacc0000 - 0x00007ffbeace7000 	C:\Users\Wilmer\.gradle\native\f6784746aeab05261644944871eae4fe03e0ef1612fff0a4a95f87b438bc6780\windows-amd64\native-platform.dll
0x00007ffbf3330000 - 0x00007ffbf333d000 	C:\Program Files\Android\Android Studio\jre\jre\bin\management.dll
0x00007ffbfc930000 - 0x00007ffbfc947000 	C:\Windows\SYSTEM32\CRYPTSP.dll
0x00007ffbfc3a0000 - 0x00007ffbfc3d3000 	C:\Windows\system32\rsaenh.dll
0x00007ffbfca40000 - 0x00007ffbfca6b000 	C:\Windows\SYSTEM32\bcrypt.dll
0x00007ffbfc610000 - 0x00007ffbfc62f000 	C:\Windows\SYSTEM32\USERENV.dll
0x00007ffbfc950000 - 0x00007ffbfc95b000 	C:\Windows\SYSTEM32\CRYPTBASE.dll
0x00007ffbfc520000 - 0x00007ffbfc558000 	C:\Windows\SYSTEM32\IPHLPAPI.DLL
0x00007ffc003c0000 - 0x00007ffc003c8000 	C:\Windows\System32\NSI.dll
0x00007ffbf7460000 - 0x00007ffbf7476000 	C:\Windows\SYSTEM32\dhcpcsvc6.DLL
0x00007ffbf7600000 - 0x00007ffbf761a000 	C:\Windows\SYSTEM32\dhcpcsvc.DLL
0x00007ffbf7960000 - 0x00007ffbf796b000 	C:\Windows\SYSTEM32\WINNSI.DLL

VM Arguments:
jvm_args: -Xmx2048m -Dfile.encoding=UTF-8 -Duser.country=PE -Duser.language=es -Duser.variant 
java_command: org.gradle.launcher.daemon.bootstrap.GradleDaemon 6.5
java_class_path (initial): C:\Users\Wilmer\.gradle\wrapper\dists\gradle-6.5-bin\6nifqtx7604sqp1q6g8wikw7p\gradle-6.5\lib\gradle-launcher-6.5.jar
Launcher Type: SUN_STANDARD

Environment Variables:
JAVA_HOME=C:\Program Files\Java\jdk-15.0.2
PATH=C:\Program Files\Common Files\Oracle\Java\javapath;C:\Windows\system32;C:\Windows;C:\Windows\System32\Wbem;C:\Windows\System32\WindowsPowerShell\v1.0\;C:\Program Files\Microsoft SQL Server\Client SDK\ODBC\130\Tools\Binn\;C:\Program Files (x86)\Microsoft SQL Server\140\Tools\Binn\;C:\Program Files\Microsoft SQL Server\140\Tools\Binn\;C:\Program Files\Microsoft SQL Server\140\DTS\Binn\;C:\Program Files (x86)\Microsoft SQL Server\150\DTS\Binn\;C:\Program Files\Azure Data Studio\bin;C:\Program Files\dotnet\;C:\Program Files\Git\cmd;C:\Users\Wilmer\AppData\Roaming\nvm;C:\Program Files\nodejs;C:\Program Files\Java\jdk-15.0.2/bin;C:\Users\Wilmer\AppData\Local\Android\Sdk/emulator;C:\Users\Wilmer\AppData\Local\Android\Sdk/tools;C:\Users\Wilmer\AppData\Local\Android\Sdk/tools/bin;C:\Users\Wilmer\AppData\Local\Android\Sdk/platform-tools;C:\Users\Wilmer\AppData\Local\Microsoft\WindowsApps;C:\Users\Wilmer\AppData\Local\Programs\Microsoft VS Code\bin;C:\Program Files\Azure Data Studio\bin;C:\Users\Wilmer\.dotnet\tools;C:\Users\Wilmer\AppData\Local\GitHubDesktop\bin;C:\Program Files\heroku\bin;C:\Users\Wilmer\AppData\Roaming\npm;C:\Users\Wilmer\AppData\Roaming\nvm;C:\Program Files\nodejs
USERNAME=Wilmer
OS=Windows_NT
PROCESSOR_IDENTIFIER=AMD64 Family 16 Model 6 Stepping 2, AuthenticAMD



---------------  S Y S T E M  ---------------

OS: Windows 10.0 , 64 bit Build 14393 (10.0.14393.0)

CPU:total 2 (initial active 2) (2 cores per cpu, 1 threads per core) family 16 model 6 stepping 2, cmov, cx8, fxsr, mmx, sse, sse2, sse3, popcnt, mmxext, 3dnowpref, lzcnt, tsc, tscinvbit, tscinv

Memory: 4k page, physical 2879688k(104580k free), swap 3928264k(6396k free)

vm_info: OpenJDK 64-Bit Server VM (25.242-b01) for windows-amd64 JRE (1.8.0_242-release-1644-b01), built by "builder" with MS VC++ 10.0 (VS2010)

time: Fri Mar 19 03:02:17 2021
timezone: Hora est. Pacífico, Sudamérica
elapsed time: 23 seconds (0d 0h 0m 23s)

